{"/Users/kyserfamily/Desktop/DevFiles/unit-testing-jest/cloneArrays.js": {"path":"/Users/kyserfamily/Desktop/DevFiles/unit-testing-jest/cloneArrays.js","statementMap":{"0":{"start":{"line":3,"column":4},"end":{"line":3,"column":21}},"1":{"start":{"line":6,"column":0},"end":{"line":6,"column":27}}},"fnMap":{"0":{"name":"cloneArray","decl":{"start":{"line":2,"column":9},"end":{"line":2,"column":19}},"loc":{"start":{"line":2,"column":26},"end":{"line":4,"column":1}},"line":2}},"branchMap":{},"s":{"0":2,"1":1},"f":{"0":2},"b":{},"_coverageSchema":"1a1c01bbd47fc00a2c39e90264f33305004495a9","hash":"ccc0ace44a1e7ccccdf96cc321d46c3dc72a51a4"}
,"/Users/kyserfamily/Desktop/DevFiles/unit-testing-jest/subtract.js": {"path":"/Users/kyserfamily/Desktop/DevFiles/unit-testing-jest/subtract.js","statementMap":{"0":{"start":{"line":2,"column":4},"end":{"line":2,"column":16}},"1":{"start":{"line":4,"column":0},"end":{"line":4,"column":25}}},"fnMap":{"0":{"name":"subtract","decl":{"start":{"line":1,"column":9},"end":{"line":1,"column":17}},"loc":{"start":{"line":1,"column":23},"end":{"line":3,"column":1}},"line":1}},"branchMap":{},"s":{"0":1,"1":1},"f":{"0":1},"b":{},"_coverageSchema":"1a1c01bbd47fc00a2c39e90264f33305004495a9","hash":"72aeff5d5d7097e2898df7b148cb485eda6205bf"}
,"/Users/kyserfamily/Desktop/DevFiles/unit-testing-jest/sum.js": {"path":"/Users/kyserfamily/Desktop/DevFiles/unit-testing-jest/sum.js","statementMap":{"0":{"start":{"line":2,"column":4},"end":{"line":2,"column":16}},"1":{"start":{"line":6,"column":4},"end":{"line":6,"column":25}},"2":{"start":{"line":8,"column":0},"end":{"line":8,"column":20}}},"fnMap":{"0":{"name":"sum","decl":{"start":{"line":1,"column":9},"end":{"line":1,"column":12}},"loc":{"start":{"line":1,"column":18},"end":{"line":3,"column":1}},"line":1},"1":{"name":"helper","decl":{"start":{"line":5,"column":9},"end":{"line":5,"column":15}},"loc":{"start":{"line":5,"column":17},"end":{"line":7,"column":1}},"line":5}},"branchMap":{},"s":{"0":1,"1":0,"2":1},"f":{"0":1,"1":0},"b":{},"_coverageSchema":"1a1c01bbd47fc00a2c39e90264f33305004495a9","hash":"36cebc10568f24b8e90c461a9556e48a9ccd4f95"}
}
